<?xml version="1.0" encoding="UTF-8"?>
<testsuite xmlns:xsi="http://www.w3.org/2001/XMLSchema-instance" xsi:noNamespaceSchemaLocation="https://maven.apache.org/surefire/maven-surefire-plugin/xsd/surefire-test-report-3.0.xsd" version="3.0" name="com.huangssssx.keel.KeelApplicationTests" time="5.274" tests="1" errors="0" skipped="0" failures="0">
  <properties>
[...]
</properties>
  <testcase name="contextLoads" classname="com.huangssssx.keel.KeelApplicationTests" time="1.273">
    <system-out><![CDATA[16:56:00.433 [main] INFO org.springframework.test.context.support.AnnotationConfigContextLoaderUtils -- Could not detect default configuration classes for test class [com.huangssssx.keel.KeelApplicationTests]: KeelApplicationTests does not declare any static, non-private, non-final, nested classes annotated with @Configuration.
16:56:00.691 [main] INFO org.springframework.boot.test.context.SpringBootTestContextBootstrapper -- Found @SpringBootConfiguration com.huangssssx.keel.KeelApplication for test class com.huangssssx.keel.KeelApplicationTests

  .   ____          _            __ _ _
 /\\ / ___'_ __ _ _(_)_ __  __ _ \ \ \ \
( ( )\___ | '_ | '_| | '_ \/ _` | \ \ \ \
 \\/  ___)| |_)| | | | | || (_| |  ) ) ) )
  '  |____| .__|_| |_|_| |_\__, | / / / /
 =========|_|==============|___/=/_/_/_/

 :: Spring Boot ::                (v3.3.4)

2024-10-24T16:56:01.312+08:00  INFO 18715 --- [keel] [           main] c.huangssssx.keel.KeelApplicationTests   : Starting KeelApplicationTests using Java 17.0.9 with PID 18715 (started by huangssssx in /Users/huangssssx/Documents/workspace/keel/backend)
2024-10-24T16:56:01.314+08:00  INFO 18715 --- [keel] [           main] c.huangssssx.keel.KeelApplicationTests   : No active profile set, falling back to 1 default profile: "default"
2024-10-24T16:56:03.374+08:00  WARN 18715 --- [keel] [           main] .s.s.UserDetailsServiceAutoConfiguration : 

Using generated security password: 434366eb-5cf4-4f2a-b416-e8a567768fff

This generated password is for development use only. Your security configuration must be updated before running your application in production.

2024-10-24T16:56:03.387+08:00  INFO 18715 --- [keel] [           main] r$InitializeUserDetailsManagerConfigurer : Global AuthenticationManager configured with UserDetailsService bean with name inMemoryUserDetailsManager
2024-10-24T16:56:04.167+08:00  INFO 18715 --- [keel] [           main] c.huangssssx.keel.KeelApplicationTests   : Started KeelApplicationTests in 3.278 seconds (process running for 5.001)
]]></system-out>
  </testcase>
</testsuite>